0 info it worked if it ends with ok
1 verbose cli [ '/usr/bin/nodejs', '/usr/bin/npm', 'install' ]
2 info using npm@3.5.2
3 info using node@v4.2.6
4 silly loadCurrentTree Starting
5 silly install loadCurrentTree
6 silly install readLocalPackageData
7 silly install normalizeTree
8 silly loadCurrentTree Finishing
9 silly loadIdealTree Starting
10 silly install loadIdealTree
11 silly cloneCurrentTree Starting
12 silly install cloneCurrentTreeToIdealTree
13 silly cloneCurrentTree Finishing
14 silly loadShrinkwrap Starting
15 silly install loadShrinkwrap
16 silly loadShrinkwrap Finishing
17 silly loadAllDepsIntoIdealTree Starting
18 silly install loadAllDepsIntoIdealTree
19 silly fetchNamedPackageData electron-spell-check-provider
20 silly mapToRegistry name electron-spell-check-provider
21 silly mapToRegistry using default registry
22 silly mapToRegistry registry https://registry.npmjs.org/
23 silly mapToRegistry uri https://registry.npmjs.org/electron-spell-check-provider
24 verbose request uri https://registry.npmjs.org/electron-spell-check-provider
25 verbose request no auth needed
26 info attempt registry request try #1 at 7:58:31 PM
27 verbose request id 0d5e22f8c3a9f5f7
28 http request GET https://registry.npmjs.org/electron-spell-check-provider
29 info retry will retry, error on last attempt: Error: socket hang up
30 info attempt registry request try #2 at 7:58:41 PM
31 http request GET https://registry.npmjs.org/electron-spell-check-provider
32 info retry will retry, error on last attempt: Error: socket hang up
33 info attempt registry request try #3 at 7:59:41 PM
34 http request GET https://registry.npmjs.org/electron-spell-check-provider
35 silly fetchPackageMetaData Error: socket hang up
35 silly fetchPackageMetaData     at TLSSocket.onHangUp (_tls_wrap.js:1048:19)
35 silly fetchPackageMetaData     at TLSSocket.g (events.js:260:16)
35 silly fetchPackageMetaData     at emitNone (events.js:72:20)
35 silly fetchPackageMetaData     at TLSSocket.emit (events.js:166:7)
35 silly fetchPackageMetaData     at endReadableNT (_stream_readable.js:905:12)
35 silly fetchPackageMetaData     at nextTickCallbackWith2Args (node.js:441:9)
35 silly fetchPackageMetaData     at process._tickCallback (node.js:355:17)
35 silly fetchPackageMetaData  error for electron-spell-check-provider@^1.1.1 { [Error: socket hang up] code: 'ECONNRESET' }
36 silly rollbackFailedOptional Starting
37 silly rollbackFailedOptional Finishing
38 silly runTopLevelLifecycles Starting
39 silly runTopLevelLifecycles Finishing
40 silly install printInstalled
41 verbose stack Error: socket hang up
41 verbose stack     at TLSSocket.onHangUp (_tls_wrap.js:1048:19)
41 verbose stack     at TLSSocket.g (events.js:260:16)
41 verbose stack     at emitNone (events.js:72:20)
41 verbose stack     at TLSSocket.emit (events.js:166:7)
41 verbose stack     at endReadableNT (_stream_readable.js:905:12)
41 verbose stack     at nextTickCallbackWith2Args (node.js:441:9)
41 verbose stack     at process._tickCallback (node.js:355:17)
42 verbose cwd /mnt/c/wamp64/www/snotes
43 error Linux 4.4.0-17763-Microsoft
44 error argv "/usr/bin/nodejs" "/usr/bin/npm" "install"
45 error node v4.2.6
46 error npm  v3.5.2
47 error code ECONNRESET
48 error network socket hang up
49 error network This is most likely not a problem with npm itself
49 error network and is related to network connectivity.
49 error network In most cases you are behind a proxy or have bad network settings.
49 error network
49 error network If you are behind a proxy, please make sure that the
49 error network 'proxy' config is set properly.  See: 'npm help config'
50 verbose exit [ 1, true ]
